...found 9 targets...
...updating 4 targets...
clang-darwin.compile.c++ libs/config/checks/architecture/bin/clang-darwin-12.0/debug/32.o
libs/config/checks/architecture/32.cpp:9:10: error: 'test' declared as an array with a negative size
int test[sizeof(void*) == 4? 1 : -1];
         ^~~~~~~~~~~~~~~~~~~~~~~~~~
1 error generated.

    "clang++" -x c++ -fPIC -O0 -fno-inline -Wall -g    -c -o "libs/config/checks/architecture/bin/clang-darwin-12.0/debug/32.o" "libs/config/checks/architecture/32.cpp"

...failed clang-darwin.compile.c++ libs/config/checks/architecture/bin/clang-darwin-12.0/debug/32.o...
...failed updating 1 target...
...updated 3 targets...
...found 2 targets...
...updating 1 target...
clang-darwin.compile.c++ libs/config/checks/architecture/bin/clang-darwin-12.0/debug/64.o
...updated 1 target...
...found 2 targets...
...updating 1 target...
clang-darwin.compile.c++ libs/config/checks/architecture/bin/clang-darwin-12.0/debug/arm.o
libs/config/checks/architecture/arm.cpp:13:2: error: "Not ARM"
#error "Not ARM"
 ^
1 error generated.

    "clang++" -x c++ -fPIC -O0 -fno-inline -Wall -g    -c -o "libs/config/checks/architecture/bin/clang-darwin-12.0/debug/arm.o" "libs/config/checks/architecture/arm.cpp"

...failed clang-darwin.compile.c++ libs/config/checks/architecture/bin/clang-darwin-12.0/debug/arm.o...
...failed updating 1 target...
...found 2 targets...
...updating 1 target...
clang-darwin.compile.c++ libs/config/checks/architecture/bin/clang-darwin-12.0/debug/mips1.o
libs/config/checks/architecture/mips1.cpp:10:2: error: "Not MIPS1"
#error "Not MIPS1"
 ^
1 error generated.

    "clang++" -x c++ -fPIC -O0 -fno-inline -Wall -g    -c -o "libs/config/checks/architecture/bin/clang-darwin-12.0/debug/mips1.o" "libs/config/checks/architecture/mips1.cpp"

...failed clang-darwin.compile.c++ libs/config/checks/architecture/bin/clang-darwin-12.0/debug/mips1.o...
...failed updating 1 target...
...found 2 targets...
...updating 1 target...
clang-darwin.compile.c++ libs/config/checks/architecture/bin/clang-darwin-12.0/debug/power.o
libs/config/checks/architecture/power.cpp:13:2: error: "Not PPC"
#error "Not PPC"
 ^
1 error generated.

    "clang++" -x c++ -fPIC -O0 -fno-inline -Wall -g    -c -o "libs/config/checks/architecture/bin/clang-darwin-12.0/debug/power.o" "libs/config/checks/architecture/power.cpp"

...failed clang-darwin.compile.c++ libs/config/checks/architecture/bin/clang-darwin-12.0/debug/power.o...
...failed updating 1 target...
...found 2 targets...
...updating 1 target...
clang-darwin.compile.c++ libs/config/checks/architecture/bin/clang-darwin-12.0/debug/riscv.o
libs/config/checks/architecture/riscv.cpp:9:2: error: "Not RISC-V"
#error "Not RISC-V"
 ^
1 error generated.

    "clang++" -x c++ -fPIC -O0 -fno-inline -Wall -g    -c -o "libs/config/checks/architecture/bin/clang-darwin-12.0/debug/riscv.o" "libs/config/checks/architecture/riscv.cpp"

...failed clang-darwin.compile.c++ libs/config/checks/architecture/bin/clang-darwin-12.0/debug/riscv.o...
...failed updating 1 target...
...found 2 targets...
...updating 1 target...
clang-darwin.compile.c++ libs/config/checks/architecture/bin/clang-darwin-12.0/debug/s390x.o
libs/config/checks/architecture/s390x.cpp:10:2: error: "Not S390x"
#error "Not S390x"
 ^
1 error generated.

    "clang++" -x c++ -fPIC -O0 -fno-inline -Wall -g    -c -o "libs/config/checks/architecture/bin/clang-darwin-12.0/debug/s390x.o" "libs/config/checks/architecture/s390x.cpp"

...failed clang-darwin.compile.c++ libs/config/checks/architecture/bin/clang-darwin-12.0/debug/s390x.o...
...failed updating 1 target...
...found 2 targets...
...updating 1 target...
clang-darwin.compile.c++ libs/config/checks/architecture/bin/clang-darwin-12.0/debug/sparc.o
libs/config/checks/architecture/sparc.cpp:10:2: error: "Not SPARC"
#error "Not SPARC"
 ^
1 error generated.

    "clang++" -x c++ -fPIC -O0 -fno-inline -Wall -g    -c -o "libs/config/checks/architecture/bin/clang-darwin-12.0/debug/sparc.o" "libs/config/checks/architecture/sparc.cpp"

...failed clang-darwin.compile.c++ libs/config/checks/architecture/bin/clang-darwin-12.0/debug/sparc.o...
...failed updating 1 target...
...found 2 targets...
...updating 1 target...
clang-darwin.compile.c++ libs/config/checks/architecture/bin/clang-darwin-12.0/debug/x86.o
...updated 1 target...
...found 1 target...
...updating 1 target...
config-cache.write bin.v2/project-cache.jam
...updated 1 target...
